<?xml version="1.0" encoding="UTF-8"?>
<!-- Generated by org.testng.reporters.JUnitReportReporter -->
<testsuite hostname="ARKLaptopel" failures="0" tests="3" name="Pro.Training.Tech.STUDENTS.Selenium" time="0.004" errors="0" timestamp="2024-09-21T09:41:57 GMT-07:00" skipped="0">
  <testcase classname="Pro.Training.Tech.STUDENTS.Selenium" name="f" time="0.000"/>
  <system-out/>
  <testcase classname="Pro.Training.Tech.STUDENTS.Selenium" name="f" time="0.002"/>
  <system-out/>
  <testcase classname="Pro.Training.Tech.STUDENTS.Selenium" name="f" time="0.002"/>
  <system-out/>
</testsuite> <!-- Pro.Training.Tech.STUDENTS.Selenium -->
