<?xml version="1.0" encoding="UTF-8"?>
<!-- Generated by org.testng.reporters.JUnitReportReporter -->
<testsuite hostname="ARKLaptopel" failures="0" tests="3" name="Pro.Training.Tech.STUDENTS.NewtestNGClassforpractice" time="0.028" errors="0" timestamp="2024-09-09T12:37:30 GMT-07:00" skipped="0">
  <testcase classname="Pro.Training.Tech.STUDENTS.NewtestNGClassforpractice" name="logoutapp" time="0.002"/>
  <system-out/>
  <testcase classname="Pro.Training.Tech.STUDENTS.NewtestNGClassforpractice" name="loginapp" time="0.024"/>
  <system-out/>
  <testcase classname="Pro.Training.Tech.STUDENTS.NewtestNGClassforpractice" name="openapp" time="0.002"/>
  <system-out/>
</testsuite> <!-- Pro.Training.Tech.STUDENTS.NewtestNGClassforpractice -->
