<?xml version="1.0" encoding="UTF-8"?>
<!-- Generated by org.testng.reporters.JUnitReportReporter -->
<testsuite hostname="ARKLaptopel" failures="0" tests="3" name="Pro.Training.Tech.STUDENTS.Searches" time="0.006" errors="0" timestamp="2024-09-21T09:41:57 GMT-07:00" skipped="0">
  <testcase classname="Pro.Training.Tech.STUDENTS.Searches" name="f" time="0.002"/>
  <system-out/>
  <testcase classname="Pro.Training.Tech.STUDENTS.Searches" name="f" time="0.003"/>
  <system-out/>
  <testcase classname="Pro.Training.Tech.STUDENTS.Searches" name="f" time="0.001"/>
  <system-out/>
</testsuite> <!-- Pro.Training.Tech.STUDENTS.Searches -->
