<?xml version="1.0" encoding="UTF-8"?>
<!-- Generated by org.testng.reporters.JUnitReportReporter -->
<testsuite hostname="ARKLaptopel" failures="0" tests="3" name="Pages.newclassfortextngclass" time="0.022" errors="0" timestamp="2024-09-02T21:18:32 GMT-07:00" skipped="0">
  <testcase classname="Pages.newclassfortextngclass" name="openapp" time="0.017"/>
  <system-out/>
  <testcase classname="Pages.newclassfortextngclass" name="loginapp" time="0.002"/>
  <system-out/>
  <testcase classname="Pages.newclassfortextngclass" name="logoutapp" time="0.003"/>
  <system-out/>
</testsuite> <!-- Pages.newclassfortextngclass -->
